serenePoser/app/build/intermediates/manifest_merge_blame_file/debug/manifest-merger-blame-debug-report.txt
1<?xml version="1.0" encoding="utf-8"?>
2<manifest xmlns:android="http://schemas.android.com/apk/res/android"
3    package="com.google.mlkit.vision.demo"
4    android:installLocation="auto"
5    android:versionCode="11"
6    android:versionName="1.11" >
7    <!--
8 CameraX libraries require minSdkVersion 21, while this quickstart app
9    supports low to 19. Needs to use overrideLibrary to make the merger tool
10    ignore this conflict and import the libraries while keeping the app's lower
11    minSdkVersion value. In code, will check SDK version, before calling CameraX
12    APIs.
13    -->
14    <uses-sdk
14-->src\main\AndroidManifest.xml:12:5-16:60
15        android:minSdkVersion="19"
15-->src\main\AndroidManifest.xml:12:5-16:60
16        android:targetSdkVersion="34" />
16-->src\main\AndroidManifest.xml:12:5-16:60
17
18    <uses-feature android:name="android.hardware.camera" />
18-->src\main\AndroidManifest.xml:18:5-59
18-->src\main\AndroidManifest.xml:18:19-57
19
20    <uses-permission android:name="android.permission.INTERNET" />
20-->src\main\AndroidManifest.xml:20:5-66
20-->src\main\AndroidManifest.xml:20:22-64
21    <uses-permission android:name="android.permission.WRITE_EXTERNAL_STORAGE" />
21-->src\main\AndroidManifest.xml:21:5-80
21-->src\main\AndroidManifest.xml:21:22-78
22    <uses-permission android:name="android.permission.READ_EXTERNAL_STORAGE" />
22-->src\main\AndroidManifest.xml:22:5-79
22-->src\main\AndroidManifest.xml:22:22-77
23    <uses-permission android:name="android.permission.CAMERA" />
23-->src\main\AndroidManifest.xml:23:5-64
23-->src\main\AndroidManifest.xml:23:22-62
24
25    <queries>
25-->src\main\AndroidManifest.xml:114:5-118:15
26        <intent>
26-->src\main\AndroidManifest.xml:115:9-117:18
27            <action android:name="android.media.action.IMAGE_CAPTURE" />
27-->src\main\AndroidManifest.xml:116:13-73
27-->src\main\AndroidManifest.xml:116:21-70
28        </intent>
29    </queries>
30
31    <!-- For remote config -->
32    <uses-permission android:name="android.permission.ACCESS_NETWORK_STATE" />
32-->[com.google.mlkit:pose-detection-common:18.0.0-beta4] AndroidManifest.xml:7:5-79
32-->[com.google.mlkit:pose-detection-common:18.0.0-beta4] AndroidManifest.xml:7:22-76
33    <uses-permission android:name="android.permission.WAKE_LOCK" />
33-->[androidx.work:work-runtime:2.7.0] AndroidManifest.xml:25:5-68
33-->[androidx.work:work-runtime:2.7.0] AndroidManifest.xml:25:22-65
34    <uses-permission android:name="android.permission.RECEIVE_BOOT_COMPLETED" />
34-->[androidx.work:work-runtime:2.7.0] AndroidManifest.xml:27:5-81
34-->[androidx.work:work-runtime:2.7.0] AndroidManifest.xml:27:22-78
35    <uses-permission android:name="android.permission.FOREGROUND_SERVICE" />
35-->[androidx.work:work-runtime:2.7.0] AndroidManifest.xml:28:5-77
35-->[androidx.work:work-runtime:2.7.0] AndroidManifest.xml:28:22-74
36
37    <permission
37-->[androidx.core:core:1.9.0] AndroidManifest.xml:22:5-24:47
38        android:name="com.google.mlkit.vision.demo.DYNAMIC_RECEIVER_NOT_EXPORTED_PERMISSION"
38-->[androidx.core:core:1.9.0] AndroidManifest.xml:23:9-81
39        android:protectionLevel="signature" />
39-->[androidx.core:core:1.9.0] AndroidManifest.xml:24:9-44
40
41    <uses-permission android:name="com.google.mlkit.vision.demo.DYNAMIC_RECEIVER_NOT_EXPORTED_PERMISSION" />
41-->[androidx.core:core:1.9.0] AndroidManifest.xml:26:5-97
41-->[androidx.core:core:1.9.0] AndroidManifest.xml:26:22-94
42
43    <application
43-->src\main\AndroidManifest.xml:25:5-113:19
44        android:name="androidx.multidex.MultiDexApplication"
44-->src\main\AndroidManifest.xml:26:9-61
45        android:appComponentFactory="androidx.core.app.CoreComponentFactory"
45-->[androidx.core:core:1.9.0] AndroidManifest.xml:28:18-86
46        android:debuggable="true"
47        android:icon="@drawable/logo"
47-->src\main\AndroidManifest.xml:27:9-38
48        android:label="@string/app_name"
48-->src\main\AndroidManifest.xml:28:9-41
49        android:testOnly="true"
50        android:theme="@style/Theme.AppCompat" >
50-->src\main\AndroidManifest.xml:29:9-47
51        <meta-data
51-->src\main\AndroidManifest.xml:31:9-33:68
52            android:name="com.google.android.gms.version"
52-->src\main\AndroidManifest.xml:32:13-58
53            android:value="@integer/google_play_services_version" />
53-->src\main\AndroidManifest.xml:33:13-66
54
55        <!--
56          Optional: Add it to automatically download ML model to device after
57          your app is installed.
58        -->
59        <meta-data
59-->src\main\AndroidManifest.xml:37:9-39:129
60            android:name="com.google.mlkit.vision.DEPENDENCIES"
60-->src\main\AndroidManifest.xml:38:13-64
61            android:value="barcode,face,ocr,ocr_chinese,ocr_devanagari,ocr_japanese,ocr_korean,ica,custom_ica,subject_segment" />
61-->src\main\AndroidManifest.xml:39:13-127
62
63        <activity
63-->src\main\AndroidManifest.xml:41:9-49:20
64            android:name="com.google.mlkit.vision.demo.EntryChoiceActivity"
64-->src\main\AndroidManifest.xml:42:13-48
65            android:exported="true"
65-->src\main\AndroidManifest.xml:43:13-36
66            android:theme="@style/AppTheme" >
66-->src\main\AndroidManifest.xml:44:13-44
67            <intent-filter>
67-->src\main\AndroidManifest.xml:45:13-48:29
68                <action android:name="android.intent.action.MAIN" />
68-->src\main\AndroidManifest.xml:46:17-68
68-->src\main\AndroidManifest.xml:46:25-66
69
70                <category android:name="android.intent.category.LAUNCHER" />
70-->src\main\AndroidManifest.xml:47:17-76
70-->src\main\AndroidManifest.xml:47:27-74
71            </intent-filter>
72        </activity>
73        <activity
73-->src\main\AndroidManifest.xml:51:9-54:20
74            android:name="com.google.mlkit.vision.demo.java.ChooserActivity"
74-->src\main\AndroidManifest.xml:52:13-49
75            android:exported="false" >
75-->src\main\AndroidManifest.xml:53:13-37
76        </activity>
77        <activity
77-->src\main\AndroidManifest.xml:56:9-60:20
78            android:name="com.google.mlkit.vision.demo.java.LivePreviewActivity"
78-->src\main\AndroidManifest.xml:57:13-53
79            android:exported="false"
79-->src\main\AndroidManifest.xml:58:13-37
80            android:theme="@style/AppTheme" >
80-->src\main\AndroidManifest.xml:59:13-44
81        </activity>
82        <activity
82-->src\main\AndroidManifest.xml:62:9-66:20
83            android:name="com.google.mlkit.vision.demo.java.CameraXLivePreviewActivity"
83-->src\main\AndroidManifest.xml:63:13-60
84            android:exported="false"
84-->src\main\AndroidManifest.xml:64:13-37
85            android:theme="@style/AppTheme" >
85-->src\main\AndroidManifest.xml:65:13-44
86        </activity>
87        <activity
87-->src\main\AndroidManifest.xml:68:9-72:20
88            android:name="com.google.mlkit.vision.demo.java.CameraXSourceDemoActivity"
88-->src\main\AndroidManifest.xml:69:13-59
89            android:exported="false"
89-->src\main\AndroidManifest.xml:70:13-37
90            android:theme="@style/AppTheme" >
90-->src\main\AndroidManifest.xml:71:13-44
91        </activity>
92        <activity
92-->src\main\AndroidManifest.xml:74:9-78:20
93            android:name="com.google.mlkit.vision.demo.java.StillImageActivity"
93-->src\main\AndroidManifest.xml:75:13-52
94            android:exported="false"
94-->src\main\AndroidManifest.xml:76:13-37
95            android:theme="@style/AppTheme" >
95-->src\main\AndroidManifest.xml:77:13-44
96        </activity>
97        <activity
97-->src\main\AndroidManifest.xml:80:9-83:20
98            android:name="com.google.mlkit.vision.demo.kotlin.ChooserActivity"
98-->src\main\AndroidManifest.xml:81:13-51
99            android:exported="false" >
99-->src\main\AndroidManifest.xml:82:13-37
100        </activity>
101        <activity
101-->src\main\AndroidManifest.xml:85:9-89:20
102            android:name="com.google.mlkit.vision.demo.kotlin.LivePreviewActivity"
102-->src\main\AndroidManifest.xml:86:13-55
103            android:exported="false"
103-->src\main\AndroidManifest.xml:87:13-37
104            android:theme="@style/AppTheme" >
104-->src\main\AndroidManifest.xml:88:13-44
105        </activity>
106        <activity
106-->src\main\AndroidManifest.xml:91:9-95:20
107            android:name="com.google.mlkit.vision.demo.kotlin.CameraXLivePreviewActivity"
107-->src\main\AndroidManifest.xml:92:13-62
108            android:exported="false"
108-->src\main\AndroidManifest.xml:93:13-37
109            android:theme="@style/AppTheme" >
109-->src\main\AndroidManifest.xml:94:13-44
110        </activity>
111        <activity
111-->src\main\AndroidManifest.xml:97:9-101:20
112            android:name="com.google.mlkit.vision.demo.kotlin.CameraXSourceDemoActivity"
112-->src\main\AndroidManifest.xml:98:13-61
113            android:exported="false"
113-->src\main\AndroidManifest.xml:99:13-37
114            android:theme="@style/AppTheme" >
114-->src\main\AndroidManifest.xml:100:13-44
115        </activity>
116        <activity
116-->src\main\AndroidManifest.xml:103:9-107:20
117            android:name="com.google.mlkit.vision.demo.kotlin.StillImageActivity"
117-->src\main\AndroidManifest.xml:104:13-54
118            android:exported="false"
118-->src\main\AndroidManifest.xml:105:13-37
119            android:theme="@style/AppTheme" >
119-->src\main\AndroidManifest.xml:106:13-44
120        </activity>
121        <activity
121-->src\main\AndroidManifest.xml:109:9-111:39
122            android:name="com.google.mlkit.vision.demo.preference.SettingsActivity"
122-->src\main\AndroidManifest.xml:110:13-56
123            android:exported="false" />
123-->src\main\AndroidManifest.xml:111:13-37
124
125        <!--
126             Required for ML Kit Pose Detection GPU acceleration. Applications that target Android
127             S+ require explicit declaration of any referenced vendor-provided libraries.
128        -->
129        <uses-native-library
129-->[com.google.mlkit:pose-detection-common:18.0.0-beta4] AndroidManifest.xml:16:9-18:40
130            android:name="libOpenCL.so"
130-->[com.google.mlkit:pose-detection-common:18.0.0-beta4] AndroidManifest.xml:17:13-40
131            android:required="false" />
131-->[com.google.mlkit:pose-detection-common:18.0.0-beta4] AndroidManifest.xml:18:13-37
132        <uses-native-library
132-->[com.google.mlkit:pose-detection-common:18.0.0-beta4] AndroidManifest.xml:16:9-18:40
133            android:name="libOpenCL-car.so"
133-->[com.google.mlkit:pose-detection-common:18.0.0-beta4] AndroidManifest.xml:17:13-40
134            android:required="false" />
134-->[com.google.mlkit:pose-detection-common:18.0.0-beta4] AndroidManifest.xml:18:13-37
135        <uses-native-library
135-->[com.google.mlkit:pose-detection-common:18.0.0-beta4] AndroidManifest.xml:16:9-18:40
136            android:name="libOpenCL-pixel.so"
136-->[com.google.mlkit:pose-detection-common:18.0.0-beta4] AndroidManifest.xml:17:13-40
137            android:required="false" />
137-->[com.google.mlkit:pose-detection-common:18.0.0-beta4] AndroidManifest.xml:18:13-37
138
139        <service
139-->[com.google.mlkit:pose-detection-common:18.0.0-beta4] AndroidManifest.xml:26:9-32:19
140            android:name="com.google.mlkit.common.internal.MlKitComponentDiscoveryService"
140-->[com.google.mlkit:pose-detection-common:18.0.0-beta4] AndroidManifest.xml:27:13-91
141            android:directBootAware="true"
141-->[com.google.mlkit:common:18.10.0] AndroidManifest.xml:17:13-43
142            android:exported="false" >
142-->[com.google.mlkit:pose-detection-common:18.0.0-beta4] AndroidManifest.xml:28:13-37
143            <meta-data
143-->[com.google.mlkit:pose-detection-common:18.0.0-beta4] AndroidManifest.xml:29:13-31:85
144                android:name="com.google.firebase.components:com.google.mlkit.vision.pose.internal.PoseRegistrar"
144-->[com.google.mlkit:pose-detection-common:18.0.0-beta4] AndroidManifest.xml:30:17-114
145                android:value="com.google.firebase.components.ComponentRegistrar" />
145-->[com.google.mlkit:pose-detection-common:18.0.0-beta4] AndroidManifest.xml:31:17-82
146            <meta-data
146-->[com.google.mlkit:object-detection:17.0.1] AndroidManifest.xml:14:13-16:85
147                android:name="com.google.firebase.components:com.google.mlkit.vision.objects.defaults.internal.DefaultObjectsRegistrar"
147-->[com.google.mlkit:object-detection:17.0.1] AndroidManifest.xml:15:17-136
148                android:value="com.google.firebase.components.ComponentRegistrar" />
148-->[com.google.mlkit:object-detection:17.0.1] AndroidManifest.xml:16:17-82
149            <meta-data
149-->[com.google.mlkit:object-detection-custom:17.0.1] AndroidManifest.xml:11:13-13:85
150                android:name="com.google.firebase.components:com.google.mlkit.vision.objects.custom.internal.CustomObjectsRegistrar"
150-->[com.google.mlkit:object-detection-custom:17.0.1] AndroidManifest.xml:12:17-133
151                android:value="com.google.firebase.components.ComponentRegistrar" />
151-->[com.google.mlkit:object-detection-custom:17.0.1] AndroidManifest.xml:13:17-82
152            <meta-data
152-->[com.google.mlkit:image-labeling:17.0.8] AndroidManifest.xml:11:13-13:85
153                android:name="com.google.firebase.components:com.google.mlkit.vision.label.defaults.internal.BundledLabelRegistrar"
153-->[com.google.mlkit:image-labeling:17.0.8] AndroidManifest.xml:12:17-132
154                android:value="com.google.firebase.components.ComponentRegistrar" />
154-->[com.google.mlkit:image-labeling:17.0.8] AndroidManifest.xml:13:17-82
155            <meta-data
155-->[com.google.mlkit:image-labeling-custom:17.0.2] AndroidManifest.xml:11:13-13:85
156                android:name="com.google.firebase.components:com.google.mlkit.vision.label.custom.internal.CustomLabelRegistrar"
156-->[com.google.mlkit:image-labeling-custom:17.0.2] AndroidManifest.xml:12:17-129
157                android:value="com.google.firebase.components.ComponentRegistrar" />
157-->[com.google.mlkit:image-labeling-custom:17.0.2] AndroidManifest.xml:13:17-82
158            <meta-data
158-->[com.google.mlkit:segmentation-selfie:16.0.0-beta5] AndroidManifest.xml:12:13-14:85
159                android:name="com.google.firebase.components:com.google.mlkit.vision.segmentation.internal.SegmentationRegistrar"
159-->[com.google.mlkit:segmentation-selfie:16.0.0-beta5] AndroidManifest.xml:13:17-130
160                android:value="com.google.firebase.components.ComponentRegistrar" />
160-->[com.google.mlkit:segmentation-selfie:16.0.0-beta5] AndroidManifest.xml:14:17-82
161            <meta-data
161-->[com.google.mlkit:face-mesh-detection:16.0.0-beta2] AndroidManifest.xml:11:13-13:85
162                android:name="com.google.firebase.components:com.google.mlkit.vision.facemesh.internal.FaceMeshRegistrar"
162-->[com.google.mlkit:face-mesh-detection:16.0.0-beta2] AndroidManifest.xml:12:17-122
163                android:value="com.google.firebase.components.ComponentRegistrar" />
163-->[com.google.mlkit:face-mesh-detection:16.0.0-beta2] AndroidManifest.xml:13:17-82
164            <meta-data
164-->[com.google.android.gms:play-services-mlkit-subject-segmentation:16.0.0-beta1] AndroidManifest.xml:11:13-13:85
165                android:name="com.google.firebase.components:com.google.mlkit.vision.segmentation.subject.internal.SubjectSegmentationRegistrar"
165-->[com.google.android.gms:play-services-mlkit-subject-segmentation:16.0.0-beta1] AndroidManifest.xml:12:17-145
166                android:value="com.google.firebase.components.ComponentRegistrar" />
166-->[com.google.android.gms:play-services-mlkit-subject-segmentation:16.0.0-beta1] AndroidManifest.xml:13:17-82
167            <meta-data
167-->[com.google.android.gms:play-services-mlkit-barcode-scanning:18.3.0] AndroidManifest.xml:12:13-14:85
168                android:name="com.google.firebase.components:com.google.mlkit.vision.barcode.internal.BarcodeRegistrar"
168-->[com.google.android.gms:play-services-mlkit-barcode-scanning:18.3.0] AndroidManifest.xml:13:17-120
169                android:value="com.google.firebase.components.ComponentRegistrar" />
169-->[com.google.android.gms:play-services-mlkit-barcode-scanning:18.3.0] AndroidManifest.xml:14:17-82
170            <meta-data
170-->[com.google.mlkit:vision-internal-vkp:18.2.2] AndroidManifest.xml:14:13-16:85
171                android:name="com.google.firebase.components:com.google.mlkit.vision.vkp.VkpRegistrar"
171-->[com.google.mlkit:vision-internal-vkp:18.2.2] AndroidManifest.xml:15:17-103
172                android:value="com.google.firebase.components.ComponentRegistrar" />
172-->[com.google.mlkit:vision-internal-vkp:18.2.2] AndroidManifest.xml:16:17-82
173            <meta-data
173-->[com.google.android.gms:play-services-mlkit-face-detection:17.1.0] AndroidManifest.xml:12:13-14:85
174                android:name="com.google.firebase.components:com.google.mlkit.vision.face.internal.FaceRegistrar"
174-->[com.google.android.gms:play-services-mlkit-face-detection:17.1.0] AndroidManifest.xml:13:17-114
175                android:value="com.google.firebase.components.ComponentRegistrar" />
175-->[com.google.android.gms:play-services-mlkit-face-detection:17.1.0] AndroidManifest.xml:14:17-82
176            <meta-data
176-->[com.google.android.gms:play-services-mlkit-text-recognition-common:19.0.0] AndroidManifest.xml:12:13-14:85
177                android:name="com.google.firebase.components:com.google.mlkit.vision.text.internal.TextRegistrar"
177-->[com.google.android.gms:play-services-mlkit-text-recognition-common:19.0.0] AndroidManifest.xml:13:17-114
178                android:value="com.google.firebase.components.ComponentRegistrar" />
178-->[com.google.android.gms:play-services-mlkit-text-recognition-common:19.0.0] AndroidManifest.xml:14:17-82
179            <meta-data
179-->[com.google.mlkit:vision-common:17.3.0] AndroidManifest.xml:12:13-14:85
180                android:name="com.google.firebase.components:com.google.mlkit.vision.common.internal.VisionCommonRegistrar"
180-->[com.google.mlkit:vision-common:17.3.0] AndroidManifest.xml:13:17-124
181                android:value="com.google.firebase.components.ComponentRegistrar" />
181-->[com.google.mlkit:vision-common:17.3.0] AndroidManifest.xml:14:17-82
182            <meta-data
182-->[com.google.mlkit:common:18.10.0] AndroidManifest.xml:20:13-22:85
183                android:name="com.google.firebase.components:com.google.mlkit.common.internal.CommonComponentRegistrar"
183-->[com.google.mlkit:common:18.10.0] AndroidManifest.xml:21:17-120
184                android:value="com.google.firebase.components.ComponentRegistrar" />
184-->[com.google.mlkit:common:18.10.0] AndroidManifest.xml:22:17-82
185        </service>
186        <service
186-->[com.google.mlkit:acceleration:16.0.0-beta2] AndroidManifest.xml:8:9-11:68
187            android:name="com.google.mlkit.acceleration.internal.MlKitRemoteWorkerService"
187-->[com.google.mlkit:acceleration:16.0.0-beta2] AndroidManifest.xml:9:13-91
188            android:exported="false"
188-->[com.google.mlkit:acceleration:16.0.0-beta2] AndroidManifest.xml:10:13-37
189            android:process=":mlkit_acceleration_mini_benchmark" />
189-->[com.google.mlkit:acceleration:16.0.0-beta2] AndroidManifest.xml:11:13-65
190        <service
190-->[androidx.work:work-multiprocess:2.7.0] AndroidManifest.xml:25:9-27:40
191            android:name="androidx.work.multiprocess.RemoteWorkManagerService"
191-->[androidx.work:work-multiprocess:2.7.0] AndroidManifest.xml:26:13-79
192            android:exported="false" />
192-->[androidx.work:work-multiprocess:2.7.0] AndroidManifest.xml:27:13-37
193
194        <provider
194-->[com.google.mlkit:common:18.10.0] AndroidManifest.xml:9:9-13:38
195            android:name="com.google.mlkit.common.internal.MlKitInitProvider"
195-->[com.google.mlkit:common:18.10.0] AndroidManifest.xml:10:13-78
196            android:authorities="com.google.mlkit.vision.demo.mlkitinitprovider"
196-->[com.google.mlkit:common:18.10.0] AndroidManifest.xml:11:13-69
197            android:exported="false"
197-->[com.google.mlkit:common:18.10.0] AndroidManifest.xml:12:13-37
198            android:initOrder="99" />
198-->[com.google.mlkit:common:18.10.0] AndroidManifest.xml:13:13-35
199
200        <activity
200-->[com.google.android.gms:play-services-base:18.3.0] AndroidManifest.xml:20:9-22:45
201            android:name="com.google.android.gms.common.api.GoogleApiActivity"
201-->[com.google.android.gms:play-services-base:18.3.0] AndroidManifest.xml:20:19-85
202            android:exported="false"
202-->[com.google.android.gms:play-services-base:18.3.0] AndroidManifest.xml:22:19-43
203            android:theme="@android:style/Theme.Translucent.NoTitleBar" />
203-->[com.google.android.gms:play-services-base:18.3.0] AndroidManifest.xml:21:19-78
204
205        <provider
205-->[androidx.work:work-runtime:2.7.0] AndroidManifest.xml:31:9-39:20
206            android:name="androidx.startup.InitializationProvider"
206-->[androidx.work:work-runtime:2.7.0] AndroidManifest.xml:32:13-67
207            android:authorities="com.google.mlkit.vision.demo.androidx-startup"
207-->[androidx.work:work-runtime:2.7.0] AndroidManifest.xml:33:13-68
208            android:exported="false" >
208-->[androidx.work:work-runtime:2.7.0] AndroidManifest.xml:34:13-37
209            <meta-data
209-->[androidx.work:work-runtime:2.7.0] AndroidManifest.xml:36:13-38:52
210                android:name="androidx.work.WorkManagerInitializer"
210-->[androidx.work:work-runtime:2.7.0] AndroidManifest.xml:37:17-68
211                android:value="androidx.startup" />
211-->[androidx.work:work-runtime:2.7.0] AndroidManifest.xml:38:17-49
212            <meta-data
212-->[androidx.emoji2:emoji2:1.2.0] AndroidManifest.xml:29:13-31:52
213                android:name="androidx.emoji2.text.EmojiCompatInitializer"
213-->[androidx.emoji2:emoji2:1.2.0] AndroidManifest.xml:30:17-75
214                android:value="androidx.startup" />
214-->[androidx.emoji2:emoji2:1.2.0] AndroidManifest.xml:31:17-49
215            <meta-data
215-->[androidx.lifecycle:lifecycle-process:2.4.1] AndroidManifest.xml:31:13-33:52
216                android:name="androidx.lifecycle.ProcessLifecycleInitializer"
216-->[androidx.lifecycle:lifecycle-process:2.4.1] AndroidManifest.xml:32:17-78
217                android:value="androidx.startup" />
217-->[androidx.lifecycle:lifecycle-process:2.4.1] AndroidManifest.xml:33:17-49
218        </provider>
219
220        <service
220-->[androidx.work:work-runtime:2.7.0] AndroidManifest.xml:41:9-46:35
221            android:name="androidx.work.impl.background.systemalarm.SystemAlarmService"
221-->[androidx.work:work-runtime:2.7.0] AndroidManifest.xml:42:13-88
222            android:directBootAware="false"
222-->[androidx.work:work-runtime:2.7.0] AndroidManifest.xml:43:13-44
223            android:enabled="@bool/enable_system_alarm_service_default"
223-->[androidx.work:work-runtime:2.7.0] AndroidManifest.xml:44:13-72
224            android:exported="false" />
224-->[androidx.work:work-runtime:2.7.0] AndroidManifest.xml:45:13-37
225        <service
225-->[androidx.work:work-runtime:2.7.0] AndroidManifest.xml:47:9-53:35
226            android:name="androidx.work.impl.background.systemjob.SystemJobService"
226-->[androidx.work:work-runtime:2.7.0] AndroidManifest.xml:48:13-84
227            android:directBootAware="false"
227-->[androidx.work:work-runtime:2.7.0] AndroidManifest.xml:49:13-44
228            android:enabled="@bool/enable_system_job_service_default"
228-->[androidx.work:work-runtime:2.7.0] AndroidManifest.xml:50:13-70
229            android:exported="true"
229-->[androidx.work:work-runtime:2.7.0] AndroidManifest.xml:51:13-36
230            android:permission="android.permission.BIND_JOB_SERVICE" />
230-->[androidx.work:work-runtime:2.7.0] AndroidManifest.xml:52:13-69
231        <service
231-->[androidx.work:work-runtime:2.7.0] AndroidManifest.xml:54:9-59:35
232            android:name="androidx.work.impl.foreground.SystemForegroundService"
232-->[androidx.work:work-runtime:2.7.0] AndroidManifest.xml:55:13-81
233            android:directBootAware="false"
233-->[androidx.work:work-runtime:2.7.0] AndroidManifest.xml:56:13-44
234            android:enabled="@bool/enable_system_foreground_service_default"
234-->[androidx.work:work-runtime:2.7.0] AndroidManifest.xml:57:13-77
235            android:exported="false" />
235-->[androidx.work:work-runtime:2.7.0] AndroidManifest.xml:58:13-37
236
237        <receiver
237-->[androidx.work:work-runtime:2.7.0] AndroidManifest.xml:61:9-66:35
238            android:name="androidx.work.impl.utils.ForceStopRunnable$BroadcastReceiver"
238-->[androidx.work:work-runtime:2.7.0] AndroidManifest.xml:62:13-88
239            android:directBootAware="false"
239-->[androidx.work:work-runtime:2.7.0] AndroidManifest.xml:63:13-44
240            android:enabled="true"
240-->[androidx.work:work-runtime:2.7.0] AndroidManifest.xml:64:13-35
241            android:exported="false" />
241-->[androidx.work:work-runtime:2.7.0] AndroidManifest.xml:65:13-37
242        <receiver
242-->[androidx.work:work-runtime:2.7.0] AndroidManifest.xml:67:9-77:20
243            android:name="androidx.work.impl.background.systemalarm.ConstraintProxy$BatteryChargingProxy"
243-->[androidx.work:work-runtime:2.7.0] AndroidManifest.xml:68:13-106
244            android:directBootAware="false"
244-->[androidx.work:work-runtime:2.7.0] AndroidManifest.xml:69:13-44
245            android:enabled="false"
245-->[androidx.work:work-runtime:2.7.0] AndroidManifest.xml:70:13-36
246            android:exported="false" >
246-->[androidx.work:work-runtime:2.7.0] AndroidManifest.xml:71:13-37
247            <intent-filter>
247-->[androidx.work:work-runtime:2.7.0] AndroidManifest.xml:73:13-76:29
248                <action android:name="android.intent.action.ACTION_POWER_CONNECTED" />
248-->[androidx.work:work-runtime:2.7.0] AndroidManifest.xml:74:17-87
248-->[androidx.work:work-runtime:2.7.0] AndroidManifest.xml:74:25-84
249                <action android:name="android.intent.action.ACTION_POWER_DISCONNECTED" />
249-->[androidx.work:work-runtime:2.7.0] AndroidManifest.xml:75:17-90
249-->[androidx.work:work-runtime:2.7.0] AndroidManifest.xml:75:25-87
250            </intent-filter>
251        </receiver>
252        <receiver
252-->[androidx.work:work-runtime:2.7.0] AndroidManifest.xml:78:9-88:20
253            android:name="androidx.work.impl.background.systemalarm.ConstraintProxy$BatteryNotLowProxy"
253-->[androidx.work:work-runtime:2.7.0] AndroidManifest.xml:79:13-104
254            android:directBootAware="false"
254-->[androidx.work:work-runtime:2.7.0] AndroidManifest.xml:80:13-44
255            android:enabled="false"
255-->[androidx.work:work-runtime:2.7.0] AndroidManifest.xml:81:13-36
256            android:exported="false" >
256-->[androidx.work:work-runtime:2.7.0] AndroidManifest.xml:82:13-37
257            <intent-filter>
257-->[androidx.work:work-runtime:2.7.0] AndroidManifest.xml:84:13-87:29
258                <action android:name="android.intent.action.BATTERY_OKAY" />
258-->[androidx.work:work-runtime:2.7.0] AndroidManifest.xml:85:17-77
258-->[androidx.work:work-runtime:2.7.0] AndroidManifest.xml:85:25-74
259                <action android:name="android.intent.action.BATTERY_LOW" />
259-->[androidx.work:work-runtime:2.7.0] AndroidManifest.xml:86:17-76
259-->[androidx.work:work-runtime:2.7.0] AndroidManifest.xml:86:25-73
260            </intent-filter>
261        </receiver>
262        <receiver
262-->[androidx.work:work-runtime:2.7.0] AndroidManifest.xml:89:9-99:20
263            android:name="androidx.work.impl.background.systemalarm.ConstraintProxy$StorageNotLowProxy"
263-->[androidx.work:work-runtime:2.7.0] AndroidManifest.xml:90:13-104
264            android:directBootAware="false"
264-->[androidx.work:work-runtime:2.7.0] AndroidManifest.xml:91:13-44
265            android:enabled="false"
265-->[androidx.work:work-runtime:2.7.0] AndroidManifest.xml:92:13-36
266            android:exported="false" >
266-->[androidx.work:work-runtime:2.7.0] AndroidManifest.xml:93:13-37
267            <intent-filter>
267-->[androidx.work:work-runtime:2.7.0] AndroidManifest.xml:95:13-98:29
268                <action android:name="android.intent.action.DEVICE_STORAGE_LOW" />
268-->[androidx.work:work-runtime:2.7.0] AndroidManifest.xml:96:17-83
268-->[androidx.work:work-runtime:2.7.0] AndroidManifest.xml:96:25-80
269                <action android:name="android.intent.action.DEVICE_STORAGE_OK" />
269-->[androidx.work:work-runtime:2.7.0] AndroidManifest.xml:97:17-82
269-->[androidx.work:work-runtime:2.7.0] AndroidManifest.xml:97:25-79
270            </intent-filter>
271        </receiver>
272        <receiver
272-->[androidx.work:work-runtime:2.7.0] AndroidManifest.xml:100:9-109:20
273            android:name="androidx.work.impl.background.systemalarm.ConstraintProxy$NetworkStateProxy"
273-->[androidx.work:work-runtime:2.7.0] AndroidManifest.xml:101:13-103
274            android:directBootAware="false"
274-->[androidx.work:work-runtime:2.7.0] AndroidManifest.xml:102:13-44
275            android:enabled="false"
275-->[androidx.work:work-runtime:2.7.0] AndroidManifest.xml:103:13-36
276            android:exported="false" >
276-->[androidx.work:work-runtime:2.7.0] AndroidManifest.xml:104:13-37
277            <intent-filter>
277-->[androidx.work:work-runtime:2.7.0] AndroidManifest.xml:106:13-108:29
278                <action android:name="android.net.conn.CONNECTIVITY_CHANGE" />
278-->[androidx.work:work-runtime:2.7.0] AndroidManifest.xml:107:17-79
278-->[androidx.work:work-runtime:2.7.0] AndroidManifest.xml:107:25-76
279            </intent-filter>
280        </receiver>
281        <receiver